{"/Users/Alien/Documents/GitHub/ReactMemo/App.js": {"path":"/Users/Alien/Documents/GitHub/ReactMemo/App.js","statementMap":{"0":{"start":{"line":12,"column":14},"end":{"line":17,"column":1}},"1":{"start":{"line":19,"column":12},"end":{"line":47,"column":1}},"2":{"start":{"line":20,"column":2},"end":{"line":20,"column":30}},"3":{"start":{"line":21,"column":26},"end":{"line":21,"column":38}},"4":{"start":{"line":22,"column":28},"end":{"line":22,"column":43}},"5":{"start":{"line":24,"column":21},"end":{"line":26,"column":3}},"6":{"start":{"line":25,"column":4},"end":{"line":25,"column":18}},"7":{"start":{"line":28,"column":24},"end":{"line":30,"column":3}},"8":{"start":{"line":29,"column":4},"end":{"line":29,"column":58}},"9":{"start":{"line":32,"column":2},"end":{"line":46,"column":4}},"10":{"start":{"line":49,"column":15},"end":{"line":60,"column":2}}},"fnMap":{"0":{"name":"(anonymous_0)","decl":{"start":{"line":19,"column":12},"end":{"line":19,"column":13}},"loc":{"start":{"line":19,"column":18},"end":{"line":47,"column":1}},"line":19},"1":{"name":"(anonymous_1)","decl":{"start":{"line":24,"column":21},"end":{"line":24,"column":22}},"loc":{"start":{"line":24,"column":31},"end":{"line":26,"column":3}},"line":24},"2":{"name":"(anonymous_2)","decl":{"start":{"line":28,"column":24},"end":{"line":28,"column":25}},"loc":{"start":{"line":28,"column":30},"end":{"line":30,"column":3}},"line":28}},"branchMap":{},"s":{"0":1,"1":1,"2":5,"3":5,"4":5,"5":5,"6":1,"7":5,"8":1,"9":5,"10":1},"f":{"0":5,"1":1,"2":1},"b":{},"_coverageSchema":"1a1c01bbd47fc00a2c39e90264f33305004495a9","hash":"070027dc07413b6594add5d8ec5bc4cf27831b57"}
,"/Users/Alien/Documents/GitHub/ReactMemo/src/components/List.js": {"path":"/Users/Alien/Documents/GitHub/ReactMemo/src/components/List.js","statementMap":{"0":{"start":{"line":10,"column":13},"end":{"line":16,"column":2}},"1":{"start":{"line":11,"column":2},"end":{"line":11,"column":31}},"2":{"start":{"line":13,"column":21},"end":{"line":13,"column":73}},"3":{"start":{"line":13,"column":35},"end":{"line":13,"column":73}},"4":{"start":{"line":15,"column":2},"end":{"line":15,"column":77}}},"fnMap":{"0":{"name":"(anonymous_0)","decl":{"start":{"line":10,"column":24},"end":{"line":10,"column":25}},"loc":{"start":{"line":10,"column":38},"end":{"line":16,"column":1}},"line":10},"1":{"name":"(anonymous_1)","decl":{"start":{"line":13,"column":21},"end":{"line":13,"column":22}},"loc":{"start":{"line":13,"column":35},"end":{"line":13,"column":73}},"line":13}},"branchMap":{},"s":{"0":2,"1":5,"2":5,"3":27,"4":5},"f":{"0":5,"1":27},"b":{},"_coverageSchema":"1a1c01bbd47fc00a2c39e90264f33305004495a9","hash":"35d1e51bf2666bbd1f2944b4fff8bbaa92a11bcf"}
,"/Users/Alien/Documents/GitHub/ReactMemo/src/components/ListItem.js": {"path":"/Users/Alien/Documents/GitHub/ReactMemo/src/components/ListItem.js","statementMap":{"0":{"start":{"line":9,"column":17},"end":{"line":16,"column":2}},"1":{"start":{"line":10,"column":2},"end":{"line":10,"column":35}},"2":{"start":{"line":11,"column":2},"end":{"line":15,"column":4}},"3":{"start":{"line":20,"column":15},"end":{"line":29,"column":2}}},"fnMap":{"0":{"name":"(anonymous_0)","decl":{"start":{"line":9,"column":28},"end":{"line":9,"column":29}},"loc":{"start":{"line":9,"column":40},"end":{"line":16,"column":1}},"line":9}},"branchMap":{},"s":{"0":3,"1":24,"2":24,"3":3},"f":{"0":24},"b":{},"_coverageSchema":"1a1c01bbd47fc00a2c39e90264f33305004495a9","hash":"9472c2183d14423550dccf2da8916ff08a995655"}
}
