TN:
SF:App.js
FN:19,(anonymous_0)
FN:24,(anonymous_1)
FN:28,(anonymous_2)
FNF:3
FNH:3
FNDA:5,(anonymous_0)
FNDA:1,(anonymous_1)
FNDA:1,(anonymous_2)
DA:12,1
DA:19,1
DA:20,5
DA:21,5
DA:22,5
DA:24,5
DA:25,1
DA:28,5
DA:29,1
DA:32,5
DA:49,1
LF:11
LH:11
BRF:0
BRH:0
end_of_record
TN:
SF:src/components/List.js
FN:10,(anonymous_0)
FN:13,(anonymous_1)
FNF:2
FNH:2
FNDA:5,(anonymous_0)
FNDA:27,(anonymous_1)
DA:10,2
DA:11,5
DA:13,27
DA:15,5
LF:4
LH:4
BRF:0
BRH:0
end_of_record
TN:
SF:src/components/ListItem.js
FN:9,(anonymous_0)
FNF:1
FNH:1
FNDA:24,(anonymous_0)
DA:9,3
DA:10,24
DA:11,24
DA:20,3
LF:4
LH:4
BRF:0
BRH:0
end_of_record
